# JRE version: OpenJDK Runtime Environment Temurin-21.0.8+9 (21.0.8+9) (build 21.0.8+9-LTS)
# Java VM: OpenJDK 64-Bit Server VM Temurin-21.0.8+9 (21.0.8+9-LTS, mixed mode, sharing, tiered, compressed oops, compressed class ptrs, parallel gc, windows-amd64)
GC Precious Log:
 CardTable entry size: 512
 CPUs: 4 total, 4 available
 Memory: 16198M
 Large Page Support: Disabled
 NUMA Support: Disabled
 Compressed Oops: Enabled (32-bit)
 Alignments: Space 512K, Generation 512K, Heap 2M
 Heap Min Capacity: 100M
 Heap Initial Capacity: 100M
 Heap Max Capacity: 2G
 Pre-touch: Disabled
 Parallel Workers: 4
Heap:
 PSYoungGen      total 5632K, used 3476K [0x00000000d5580000, 0x00000000d5d80000, 0x0000000100000000)
  eden space 5120K, 61% used [0x00000000d5580000,0x00000000d5895220,0x00000000d5a80000)
  from space 512K, 62% used [0x00000000d5d00000,0x00000000d5d50020,0x00000000d5d80000)
  to   space 1536K, 0% used [0x00000000d5a80000,0x00000000d5a80000,0x00000000d5c00000)
 ParOldGen       total 544256K, used 238345K [0x0000000080000000, 0x00000000a1380000, 0x00000000d5580000)
  object space 544256K, 43% used [0x0000000080000000,0x000000008e8c2678,0x00000000a1380000)
 Metaspace       used 81388K, committed 83008K, reserved 1179648K
  class space    used 8395K, committed 9088K, reserved 1048576K
GC Heap History (20 events):
Event: 1402.214 GC heap before
{Heap before GC invocations=511 (full 4):
 PSYoungGen      total 11264K, used 10944K [0x00000000d5580000, 0x00000000d6280000, 0x0000000100000000)
  eden space 10752K, 100% used [0x00000000d5580000,0x00000000d6000000,0x00000000d6000000)
  from space 512K, 37% used [0x00000000d6200000,0x00000000d6230020,0x00000000d6280000)
  to   space 512K, 0% used [0x00000000d6180000,0x00000000d6180000,0x00000000d6200000)
 ParOldGen       total 544256K, used 225959K [0x0000000080000000, 0x00000000a1380000, 0x00000000d5580000)
  object space 544256K, 41% used [0x0000000080000000,0x000000008dca9da0,0x00000000a1380000)
 Metaspace       used 81322K, committed 83008K, reserved 1179648K
  class space    used 8395K, committed 9088K, reserved 1048576K
}
Event: 1402.217 GC heap after
{Heap after GC invocations=511 (full 4):
 PSYoungGen      total 11264K, used 500K [0x00000000d5580000, 0x00000000d6280000, 0x0000000100000000)
  eden space 10752K, 0% used [0x00000000d5580000,0x00000000d5580000,0x00000000d6000000)
  from space 512K, 97% used [0x00000000d6180000,0x00000000d61fd300,0x00000000d6200000)
  to   space 512K, 0% used [0x00000000d6200000,0x00000000d6200000,0x00000000d6280000)
 ParOldGen       total 544256K, used 226315K [0x0000000080000000, 0x00000000a1380000, 0x00000000d5580000)
  object space 544256K, 41% used [0x0000000080000000,0x000000008dd02dc0,0x00000000a1380000)
 Metaspace       used 81322K, committed 83008K, reserved 1179648K
  class space    used 8395K, committed 9088K, reserved 1048576K
}
Event: 1403.167 GC heap before
{Heap before GC invocations=512 (full 4):
 PSYoungGen      total 11264K, used 11252K [0x00000000d5580000, 0x00000000d6280000, 0x0000000100000000)
  eden space 10752K, 100% used [0x00000000d5580000,0x00000000d6000000,0x00000000d6000000)
  from space 512K, 97% used [0x00000000d6180000,0x00000000d61fd300,0x00000000d6200000)
  to   space 512K, 0% used [0x00000000d6200000,0x00000000d6200000,0x00000000d6280000)
 ParOldGen       total 544256K, used 226315K [0x0000000080000000, 0x00000000a1380000, 0x00000000d5580000)
  object space 544256K, 41% used [0x0000000080000000,0x000000008dd02dc0,0x00000000a1380000)
 Metaspace       used 81337K, committed 83008K, reserved 1179648K
  class space    used 8395K, committed 9088K, reserved 1048576K
}
Event: 1403.171 GC heap after
{Heap after GC invocations=512 (full 4):
 PSYoungGen      total 6144K, used 482K [0x00000000d5580000, 0x00000000d6e00000, 0x0000000100000000)
  eden space 5632K, 0% used [0x00000000d5580000,0x00000000d5580000,0x00000000d5b00000)
  from space 512K, 94% used [0x00000000d6200000,0x00000000d6278b58,0x00000000d6280000)
  to   space 7168K, 0% used [0x00000000d5b00000,0x00000000d5b00000,0x00000000d6200000)
 ParOldGen       total 544256K, used 231772K [0x0000000080000000, 0x00000000a1380000, 0x00000000d5580000)
  object space 544256K, 42% used [0x0000000080000000,0x000000008e257008,0x00000000a1380000)
 Metaspace       used 81337K, committed 83008K, reserved 1179648K
  class space    used 8395K, committed 9088K, reserved 1048576K
}
Event: 1403.194 GC heap before
{Heap before GC invocations=513 (full 4):
 PSYoungGen      total 6144K, used 6114K [0x00000000d5580000, 0x00000000d6e00000, 0x0000000100000000)
  eden space 5632K, 99% used [0x00000000d5580000,0x00000000d5afffe8,0x00000000d5b00000)
  from space 512K, 94% used [0x00000000d6200000,0x00000000d6278b58,0x00000000d6280000)
  to   space 7168K, 0% used [0x00000000d5b00000,0x00000000d5b00000,0x00000000d6200000)
 ParOldGen       total 544256K, used 231772K [0x0000000080000000, 0x00000000a1380000, 0x00000000d5580000)
  object space 544256K, 42% used [0x0000000080000000,0x000000008e257008,0x00000000a1380000)
 Metaspace       used 81346K, committed 83008K, reserved 1179648K
  class space    used 8395K, committed 9088K, reserved 1048576K
}
Event: 1403.195 GC heap after
{Heap after GC invocations=513 (full 4):
 PSYoungGen      total 6144K, used 352K [0x00000000d5580000, 0x00000000d6280000, 0x0000000100000000)
  eden space 5632K, 0% used [0x00000000d5580000,0x00000000d5580000,0x00000000d5b00000)
  from space 512K, 68% used [0x00000000d5b00000,0x00000000d5b58000,0x00000000d5b80000)
  to   space 2560K, 0% used [0x00000000d6000000,0x00000000d6000000,0x00000000d6280000)
 ParOldGen       total 544256K, used 231953K [0x0000000080000000, 0x00000000a1380000, 0x00000000d5580000)
  object space 544256K, 42% used [0x0000000080000000,0x000000008e284488,0x00000000a1380000)
 Metaspace       used 81346K, committed 83008K, reserved 1179648K
  class space    used 8395K, committed 9088K, reserved 1048576K
}
Event: 1403.234 GC heap before
{Heap before GC invocations=514 (full 4):
 PSYoungGen      total 6144K, used 5984K [0x00000000d5580000, 0x00000000d6280000, 0x0000000100000000)
  eden space 5632K, 100% used [0x00000000d5580000,0x00000000d5b00000,0x00000000d5b00000)
  from space 512K, 68% used [0x00000000d5b00000,0x00000000d5b58000,0x00000000d5b80000)
  to   space 2560K, 0% used [0x00000000d6000000,0x00000000d6000000,0x00000000d6280000)
 ParOldGen       total 544256K, used 231953K [0x0000000080000000, 0x00000000a1380000, 0x00000000d5580000)
  object space 544256K, 42% used [0x0000000080000000,0x000000008e284488,0x00000000a1380000)
 Metaspace       used 81347K, committed 83008K, reserved 1179648K
  class space    used 8395K, committed 9088K, reserved 1048576K
}
Event: 1403.238 GC heap after
{Heap after GC invocations=514 (full 4):
 PSYoungGen      total 7680K, used 2533K [0x00000000d5580000, 0x00000000d6600000, 0x0000000100000000)
  eden space 5120K, 0% used [0x00000000d5580000,0x00000000d5580000,0x00000000d5a80000)
  from space 2560K, 98% used [0x00000000d6000000,0x00000000d62796b0,0x00000000d6280000)
  to   space 5632K, 0% used [0x00000000d5a80000,0x00000000d5a80000,0x00000000d6000000)
 ParOldGen       total 544256K, used 233972K [0x0000000080000000, 0x00000000a1380000, 0x00000000d5580000)
  object space 544256K, 42% used [0x0000000080000000,0x000000008e47d198,0x00000000a1380000)
 Metaspace       used 81347K, committed 83008K, reserved 1179648K
  class space    used 8395K, committed 9088K, reserved 1048576K
}
Event: 1403.268 GC heap before
{Heap before GC invocations=515 (full 4):
 PSYoungGen      total 7680K, used 7653K [0x00000000d5580000, 0x00000000d6600000, 0x0000000100000000)
  eden space 5120K, 100% used [0x00000000d5580000,0x00000000d5a80000,0x00000000d5a80000)
  from space 2560K, 98% used [0x00000000d6000000,0x00000000d62796b0,0x00000000d6280000)
  to   space 5632K, 0% used [0x00000000d5a80000,0x00000000d5a80000,0x00000000d6000000)
 ParOldGen       total 544256K, used 233972K [0x0000000080000000, 0x00000000a1380000, 0x00000000d5580000)
  object space 544256K, 42% used [0x0000000080000000,0x000000008e47d198,0x00000000a1380000)
 Metaspace       used 81347K, committed 83008K, reserved 1179648K
  class space    used 8395K, committed 9088K, reserved 1048576K
}
Event: 1403.271 GC heap after
{Heap after GC invocations=515 (full 4):
 PSYoungGen      total 6144K, used 645K [0x00000000d5580000, 0x00000000d6080000, 0x0000000100000000)
  eden space 5120K, 0% used [0x00000000d5580000,0x00000000d5580000,0x00000000d5a80000)
  from space 1024K, 63% used [0x00000000d5a80000,0x00000000d5b216b0,0x00000000d5b80000)
  to   space 2560K, 0% used [0x00000000d5e00000,0x00000000d5e00000,0x00000000d6080000)
 ParOldGen       total 544256K, used 234148K [0x0000000080000000, 0x00000000a1380000, 0x00000000d5580000)
  object space 544256K, 43% used [0x0000000080000000,0x000000008e4a9198,0x00000000a1380000)
 Metaspace       used 81347K, committed 83008K, reserved 1179648K
  class space    used 8395K, committed 9088K, reserved 1048576K
}
Event: 1403.942 GC heap before
{Heap before GC invocations=516 (full 4):
 PSYoungGen      total 6144K, used 5764K [0x00000000d5580000, 0x00000000d6080000, 0x0000000100000000)
  eden space 5120K, 99% used [0x00000000d5580000,0x00000000d5a7f978,0x00000000d5a80000)
  from space 1024K, 63% used [0x00000000d5a80000,0x00000000d5b216b0,0x00000000d5b80000)
  to   space 2560K, 0% used [0x00000000d5e00000,0x00000000d5e00000,0x00000000d6080000)
 ParOldGen       total 544256K, used 234148K [0x0000000080000000, 0x00000000a1380000, 0x00000000d5580000)
  object space 544256K, 43% used [0x0000000080000000,0x000000008e4a9198,0x00000000a1380000)
 Metaspace       used 81347K, committed 83008K, reserved 1179648K
  class space    used 8395K, committed 9088K, reserved 1048576K
}
Event: 1403.944 GC heap after
{Heap after GC invocations=516 (full 4):
 PSYoungGen      total 5632K, used 128K [0x00000000d5580000, 0x00000000d5e80000, 0x0000000100000000)
  eden space 5120K, 0% used [0x00000000d5580000,0x00000000d5580000,0x00000000d5a80000)
  from space 512K, 25% used [0x00000000d5e00000,0x00000000d5e20000,0x00000000d5e80000)
  to   space 1024K, 0% used [0x00000000d5c80000,0x00000000d5c80000,0x00000000d5d80000)
 ParOldGen       total 544256K, used 234156K [0x0000000080000000, 0x00000000a1380000, 0x00000000d5580000)
  object space 544256K, 43% used [0x0000000080000000,0x000000008e4ab198,0x00000000a1380000)
 Metaspace       used 81347K, committed 83008K, reserved 1179648K
  class space    used 8395K, committed 9088K, reserved 1048576K
}
Event: 1406.744 GC heap before
{Heap before GC invocations=517 (full 4):
 PSYoungGen      total 5632K, used 5248K [0x00000000d5580000, 0x00000000d5e80000, 0x0000000100000000)
  eden space 5120K, 100% used [0x00000000d5580000,0x00000000d5a80000,0x00000000d5a80000)
  from space 512K, 25% used [0x00000000d5e00000,0x00000000d5e20000,0x00000000d5e80000)
  to   space 1024K, 0% used [0x00000000d5c80000,0x00000000d5c80000,0x00000000d5d80000)
 ParOldGen       total 544256K, used 234156K [0x0000000080000000, 0x00000000a1380000, 0x00000000d5580000)
  object space 544256K, 43% used [0x0000000080000000,0x000000008e4ab198,0x00000000a1380000)
 Metaspace       used 81351K, committed 83008K, reserved 1179648K
  class space    used 8395K, committed 9088K, reserved 1048576K
}
Event: 1406.751 GC heap after
{Heap after GC invocations=517 (full 4):
 PSYoungGen      total 6144K, used 994K [0x00000000d5580000, 0x00000000d6080000, 0x0000000100000000)
  eden space 5120K, 0% used [0x00000000d5580000,0x00000000d5580000,0x00000000d5a80000)
  from space 1024K, 97% used [0x00000000d5c80000,0x00000000d5d78b58,0x00000000d5d80000)
  to   space 3072K, 0% used [0x00000000d5d80000,0x00000000d5d80000,0x00000000d6080000)
 ParOldGen       total 544256K, used 235727K [0x0000000080000000, 0x00000000a1380000, 0x00000000d5580000)
  object space 544256K, 43% used [0x0000000080000000,0x000000008e633cf0,0x00000000a1380000)
 Metaspace       used 81351K, committed 83008K, reserved 1179648K
  class space    used 8395K, committed 9088K, reserved 1048576K
}
Event: 1406.815 GC heap before
{Heap before GC invocations=518 (full 4):
 PSYoungGen      total 6144K, used 6114K [0x00000000d5580000, 0x00000000d6080000, 0x0000000100000000)
  eden space 5120K, 100% used [0x00000000d5580000,0x00000000d5a80000,0x00000000d5a80000)
  from space 1024K, 97% used [0x00000000d5c80000,0x00000000d5d78b58,0x00000000d5d80000)
  to   space 3072K, 0% used [0x00000000d5d80000,0x00000000d5d80000,0x00000000d6080000)
 ParOldGen       total 544256K, used 235727K [0x0000000080000000, 0x00000000a1380000, 0x00000000d5580000)
  object space 544256K, 43% used [0x0000000080000000,0x000000008e633cf0,0x00000000a1380000)
 Metaspace       used 81351K, committed 83008K, reserved 1179648K
  class space    used 8395K, committed 9088K, reserved 1048576K
}
Event: 1406.818 GC heap after
{Heap after GC invocations=518 (full 4):
 PSYoungGen      total 8192K, used 2592K [0x00000000d5580000, 0x00000000d6080000, 0x0000000100000000)
  eden space 5120K, 0% used [0x00000000d5580000,0x00000000d5580000,0x00000000d5a80000)
  from space 3072K, 84% used [0x00000000d5d80000,0x00000000d6008000,0x00000000d6080000)
  to   space 3072K, 0% used [0x00000000d5a80000,0x00000000d5a80000,0x00000000d5d80000)
 ParOldGen       total 544256K, used 236737K [0x0000000080000000, 0x00000000a1380000, 0x00000000d5580000)
  object space 544256K, 43% used [0x0000000080000000,0x000000008e730678,0x00000000a1380000)
 Metaspace       used 81351K, committed 83008K, reserved 1179648K
  class space    used 8395K, committed 9088K, reserved 1048576K
}
Event: 1406.838 GC heap before
{Heap before GC invocations=519 (full 4):
 PSYoungGen      total 8192K, used 7712K [0x00000000d5580000, 0x00000000d6080000, 0x0000000100000000)
  eden space 5120K, 100% used [0x00000000d5580000,0x00000000d5a80000,0x00000000d5a80000)
  from space 3072K, 84% used [0x00000000d5d80000,0x00000000d6008000,0x00000000d6080000)
  to   space 3072K, 0% used [0x00000000d5a80000,0x00000000d5a80000,0x00000000d5d80000)
 ParOldGen       total 544256K, used 236737K [0x0000000080000000, 0x00000000a1380000, 0x00000000d5580000)
  object space 544256K, 43% used [0x0000000080000000,0x000000008e730678,0x00000000a1380000)
 Metaspace       used 81351K, committed 83008K, reserved 1179648K
  class space    used 8395K, committed 9088K, reserved 1048576K
}
Event: 1406.841 GC heap after
{Heap after GC invocations=519 (full 4):
 PSYoungGen      total 7680K, used 2437K [0x00000000d5580000, 0x00000000d5f80000, 0x0000000100000000)
  eden space 5120K, 0% used [0x00000000d5580000,0x00000000d5580000,0x00000000d5a80000)
  from space 2560K, 95% used [0x00000000d5a80000,0x00000000d5ce16b0,0x00000000d5d00000)
  to   space 2560K, 0% used [0x00000000d5d00000,0x00000000d5d00000,0x00000000d5f80000)
 ParOldGen       total 544256K, used 238169K [0x0000000080000000, 0x00000000a1380000, 0x00000000d5580000)
  object space 544256K, 43% used [0x0000000080000000,0x000000008e896678,0x00000000a1380000)
 Metaspace       used 81351K, committed 83008K, reserved 1179648K
  class space    used 8395K, committed 9088K, reserved 1048576K
}
Event: 1647.525 GC heap before
{Heap before GC invocations=520 (full 4):
 PSYoungGen      total 7680K, used 7557K [0x00000000d5580000, 0x00000000d5f80000, 0x0000000100000000)
  eden space 5120K, 100% used [0x00000000d5580000,0x00000000d5a80000,0x00000000d5a80000)
  from space 2560K, 95% used [0x00000000d5a80000,0x00000000d5ce16b0,0x00000000d5d00000)
  to   space 2560K, 0% used [0x00000000d5d00000,0x00000000d5d00000,0x00000000d5f80000)
 ParOldGen       total 544256K, used 238169K [0x0000000080000000, 0x00000000a1380000, 0x00000000d5580000)
  object space 544256K, 43% used [0x0000000080000000,0x000000008e896678,0x00000000a1380000)
 Metaspace       used 81366K, committed 83008K, reserved 1179648K
  class space    used 8395K, committed 9088K, reserved 1048576K
}
Event: 1647.528 GC heap after
{Heap after GC invocations=520 (full 4):
 PSYoungGen      total 5632K, used 320K [0x00000000d5580000, 0x00000000d5d80000, 0x0000000100000000)
  eden space 5120K, 0% used [0x00000000d5580000,0x00000000d5580000,0x00000000d5a80000)
  from space 512K, 62% used [0x00000000d5d00000,0x00000000d5d50020,0x00000000d5d80000)
  to   space 1536K, 0% used [0x00000000d5a80000,0x00000000d5a80000,0x00000000d5c00000)
 ParOldGen       total 544256K, used 238345K [0x0000000080000000, 0x00000000a1380000, 0x00000000d5580000)
  object space 544256K, 43% used [0x0000000080000000,0x000000008e8c2678,0x00000000a1380000)
 Metaspace       used 81366K, committed 83008K, reserved 1179648K
  class space    used 8395K, committed 9088K, reserved 1048576K
}

