# JRE version: OpenJDK Runtime Environment Temurin-21.0.8+9 (21.0.8+9) (build 21.0.8+9-LTS)
# Java VM: OpenJDK 64-Bit Server VM Temurin-21.0.8+9 (21.0.8+9-LTS, mixed mode, sharing, tiered, compressed oops, compressed class ptrs, parallel gc, windows-amd64)
GC Precious Log:
 CardTable entry size: 512
 CPUs: 4 total, 4 available
 Memory: 16198M
 Large Page Support: Disabled
 NUMA Support: Disabled
 Compressed Oops: Enabled (32-bit)
 Alignments: Space 512K, Generation 512K, Heap 2M
 Heap Min Capacity: 100M
 Heap Initial Capacity: 100M
 Heap Max Capacity: 2G
 Pre-touch: Disabled
 Parallel Workers: 4
Heap:
 PSYoungGen      total 2048K, used 767K [0x00000000d5580000, 0x00000000d5880000, 0x0000000100000000)
  eden space 1536K, 41% used [0x00000000d5580000,0x00000000d561ff60,0x00000000d5700000)
  from space 512K, 25% used [0x00000000d5780000,0x00000000d57a0000,0x00000000d5800000)
  to   space 512K, 0% used [0x00000000d5800000,0x00000000d5800000,0x00000000d5880000)
 ParOldGen       total 203264K, used 60694K [0x0000000080000000, 0x000000008c680000, 0x00000000d5580000)
  object space 203264K, 29% used [0x0000000080000000,0x0000000083b45890,0x000000008c680000)
 Metaspace       used 76377K, committed 78016K, reserved 1179648K
  class space    used 7857K, committed 8640K, reserved 1048576K
GC Heap History (20 events):
Event: 129.372 GC heap before
{Heap before GC invocations=350 (full 3):
 PSYoungGen      total 1024K, used 976K [0x00000000d5580000, 0x00000000d5800000, 0x0000000100000000)
  eden space 512K, 100% used [0x00000000d5580000,0x00000000d5600000,0x00000000d5600000)
  from space 512K, 90% used [0x00000000d5780000,0x00000000d57f4010,0x00000000d5800000)
  to   space 1024K, 0% used [0x00000000d5600000,0x00000000d5600000,0x00000000d5700000)
 ParOldGen       total 200704K, used 200581K [0x0000000080000000, 0x000000008c400000, 0x00000000d5580000)
  object space 200704K, 99% used [0x0000000080000000,0x000000008c3e1638,0x000000008c400000)
 Metaspace       used 76316K, committed 78016K, reserved 1179648K
  class space    used 7852K, committed 8640K, reserved 1048576K
}
Event: 129.380 GC heap after
{Heap after GC invocations=350 (full 3):
 PSYoungGen      total 1536K, used 512K [0x00000000d5580000, 0x00000000d5880000, 0x0000000100000000)
  eden space 512K, 0% used [0x00000000d5580000,0x00000000d5580000,0x00000000d5600000)
  from space 1024K, 50% used [0x00000000d5600000,0x00000000d5680000,0x00000000d5700000)
  to   space 1024K, 0% used [0x00000000d5780000,0x00000000d5780000,0x00000000d5880000)
 ParOldGen       total 201216K, used 200997K [0x0000000080000000, 0x000000008c480000, 0x00000000d5580000)
  object space 201216K, 99% used [0x0000000080000000,0x000000008c449638,0x000000008c480000)
 Metaspace       used 76316K, committed 78016K, reserved 1179648K
  class space    used 7852K, committed 8640K, reserved 1048576K
}
Event: 129.384 GC heap before
{Heap before GC invocations=351 (full 3):
 PSYoungGen      total 1536K, used 1023K [0x00000000d5580000, 0x00000000d5880000, 0x0000000100000000)
  eden space 512K, 99% used [0x00000000d5580000,0x00000000d55ffff8,0x00000000d5600000)
  from space 1024K, 50% used [0x00000000d5600000,0x00000000d5680000,0x00000000d5700000)
  to   space 1024K, 0% used [0x00000000d5780000,0x00000000d5780000,0x00000000d5880000)
 ParOldGen       total 201216K, used 200997K [0x0000000080000000, 0x000000008c480000, 0x00000000d5580000)
  object space 201216K, 99% used [0x0000000080000000,0x000000008c449638,0x000000008c480000)
 Metaspace       used 76316K, committed 78016K, reserved 1179648K
  class space    used 7852K, committed 8640K, reserved 1048576K
}
Event: 129.389 GC heap after
{Heap after GC invocations=351 (full 3):
 PSYoungGen      total 2048K, used 512K [0x00000000d5580000, 0x00000000d5880000, 0x0000000100000000)
  eden space 1024K, 0% used [0x00000000d5580000,0x00000000d5580000,0x00000000d5680000)
  from space 1024K, 50% used [0x00000000d5780000,0x00000000d5800000,0x00000000d5880000)
  to   space 1024K, 0% used [0x00000000d5680000,0x00000000d5680000,0x00000000d5780000)
 ParOldGen       total 201728K, used 201453K [0x0000000080000000, 0x000000008c500000, 0x00000000d5580000)
  object space 201728K, 99% used [0x0000000080000000,0x000000008c4bb638,0x000000008c500000)
 Metaspace       used 76316K, committed 78016K, reserved 1179648K
  class space    used 7852K, committed 8640K, reserved 1048576K
}
Event: 129.398 GC heap before
{Heap before GC invocations=352 (full 3):
 PSYoungGen      total 2048K, used 1536K [0x00000000d5580000, 0x00000000d5880000, 0x0000000100000000)
  eden space 1024K, 100% used [0x00000000d5580000,0x00000000d5680000,0x00000000d5680000)
  from space 1024K, 50% used [0x00000000d5780000,0x00000000d5800000,0x00000000d5880000)
  to   space 1024K, 0% used [0x00000000d5680000,0x00000000d5680000,0x00000000d5780000)
 ParOldGen       total 201728K, used 201453K [0x0000000080000000, 0x000000008c500000, 0x00000000d5580000)
  object space 201728K, 99% used [0x0000000080000000,0x000000008c4bb638,0x000000008c500000)
 Metaspace       used 76316K, committed 78016K, reserved 1179648K
  class space    used 7852K, committed 8640K, reserved 1048576K
}
Event: 129.400 GC heap after
{Heap after GC invocations=352 (full 3):
 PSYoungGen      total 2048K, used 576K [0x00000000d5580000, 0x00000000d5900000, 0x0000000100000000)
  eden space 1024K, 0% used [0x00000000d5580000,0x00000000d5580000,0x00000000d5680000)
  from space 1024K, 56% used [0x00000000d5680000,0x00000000d5710000,0x00000000d5780000)
  to   space 1024K, 0% used [0x00000000d5800000,0x00000000d5800000,0x00000000d5900000)
 ParOldGen       total 202240K, used 201949K [0x0000000080000000, 0x000000008c580000, 0x00000000d5580000)
  object space 202240K, 99% used [0x0000000080000000,0x000000008c537638,0x000000008c580000)
 Metaspace       used 76316K, committed 78016K, reserved 1179648K
  class space    used 7852K, committed 8640K, reserved 1048576K
}
Event: 129.406 GC heap before
{Heap before GC invocations=353 (full 3):
 PSYoungGen      total 2048K, used 1600K [0x00000000d5580000, 0x00000000d5900000, 0x0000000100000000)
  eden space 1024K, 100% used [0x00000000d5580000,0x00000000d5680000,0x00000000d5680000)
  from space 1024K, 56% used [0x00000000d5680000,0x00000000d5710000,0x00000000d5780000)
  to   space 1024K, 0% used [0x00000000d5800000,0x00000000d5800000,0x00000000d5900000)
 ParOldGen       total 202240K, used 201949K [0x0000000080000000, 0x000000008c580000, 0x00000000d5580000)
  object space 202240K, 99% used [0x0000000080000000,0x000000008c537638,0x000000008c580000)
 Metaspace       used 76316K, committed 78016K, reserved 1179648K
  class space    used 7852K, committed 8640K, reserved 1048576K
}
Event: 129.408 GC heap after
{Heap after GC invocations=353 (full 3):
 PSYoungGen      total 2048K, used 320K [0x00000000d5580000, 0x00000000d5880000, 0x0000000100000000)
  eden space 1536K, 0% used [0x00000000d5580000,0x00000000d5580000,0x00000000d5700000)
  from space 512K, 62% used [0x00000000d5800000,0x00000000d5850000,0x00000000d5880000)
  to   space 512K, 0% used [0x00000000d5780000,0x00000000d5780000,0x00000000d5800000)
 ParOldGen       total 202752K, used 202429K [0x0000000080000000, 0x000000008c600000, 0x00000000d5580000)
  object space 202752K, 99% used [0x0000000080000000,0x000000008c5af638,0x000000008c600000)
 Metaspace       used 76316K, committed 78016K, reserved 1179648K
  class space    used 7852K, committed 8640K, reserved 1048576K
}
Event: 129.969 GC heap before
{Heap before GC invocations=354 (full 3):
 PSYoungGen      total 2048K, used 1855K [0x00000000d5580000, 0x00000000d5880000, 0x0000000100000000)
  eden space 1536K, 99% used [0x00000000d5580000,0x00000000d56fffe0,0x00000000d5700000)
  from space 512K, 62% used [0x00000000d5800000,0x00000000d5850000,0x00000000d5880000)
  to   space 512K, 0% used [0x00000000d5780000,0x00000000d5780000,0x00000000d5800000)
 ParOldGen       total 202752K, used 202429K [0x0000000080000000, 0x000000008c600000, 0x00000000d5580000)
  object space 202752K, 99% used [0x0000000080000000,0x000000008c5af638,0x000000008c600000)
 Metaspace       used 76318K, committed 78016K, reserved 1179648K
  class space    used 7852K, committed 8640K, reserved 1048576K
}
Event: 129.971 GC heap after
{Heap after GC invocations=354 (full 3):
 PSYoungGen      total 2560K, used 288K [0x00000000d5580000, 0x00000000d5880000, 0x0000000100000000)
  eden space 2048K, 0% used [0x00000000d5580000,0x00000000d5580000,0x00000000d5780000)
  from space 512K, 56% used [0x00000000d5780000,0x00000000d57c8000,0x00000000d5800000)
  to   space 512K, 0% used [0x00000000d5800000,0x00000000d5800000,0x00000000d5880000)
 ParOldGen       total 202752K, used 202634K [0x0000000080000000, 0x000000008c600000, 0x00000000d5580000)
  object space 202752K, 99% used [0x0000000080000000,0x000000008c5e2990,0x000000008c600000)
 Metaspace       used 76318K, committed 78016K, reserved 1179648K
  class space    used 7852K, committed 8640K, reserved 1048576K
}
Event: 130.009 GC heap before
{Heap before GC invocations=355 (full 3):
 PSYoungGen      total 2560K, used 2336K [0x00000000d5580000, 0x00000000d5880000, 0x0000000100000000)
  eden space 2048K, 100% used [0x00000000d5580000,0x00000000d5780000,0x00000000d5780000)
  from space 512K, 56% used [0x00000000d5780000,0x00000000d57c8000,0x00000000d5800000)
  to   space 512K, 0% used [0x00000000d5800000,0x00000000d5800000,0x00000000d5880000)
 ParOldGen       total 202752K, used 202634K [0x0000000080000000, 0x000000008c600000, 0x00000000d5580000)
  object space 202752K, 99% used [0x0000000080000000,0x000000008c5e2990,0x000000008c600000)
 Metaspace       used 76319K, committed 78016K, reserved 1179648K
  class space    used 7852K, committed 8640K, reserved 1048576K
}
Event: 130.010 GC heap after
{Heap after GC invocations=355 (full 3):
 PSYoungGen      total 2048K, used 496K [0x00000000d5580000, 0x00000000d5980000, 0x0000000100000000)
  eden space 1536K, 0% used [0x00000000d5580000,0x00000000d5580000,0x00000000d5700000)
  from space 512K, 96% used [0x00000000d5800000,0x00000000d587c010,0x00000000d5880000)
  to   space 1024K, 0% used [0x00000000d5700000,0x00000000d5700000,0x00000000d5800000)
 ParOldGen       total 203264K, used 202835K [0x0000000080000000, 0x000000008c680000, 0x00000000d5580000)
  object space 203264K, 99% used [0x0000000080000000,0x000000008c614d50,0x000000008c680000)
 Metaspace       used 76319K, committed 78016K, reserved 1179648K
  class space    used 7852K, committed 8640K, reserved 1048576K
}
Event: 130.025 GC heap before
{Heap before GC invocations=356 (full 3):
 PSYoungGen      total 2048K, used 1409K [0x00000000d5580000, 0x00000000d5980000, 0x0000000100000000)
  eden space 1536K, 59% used [0x00000000d5580000,0x00000000d56646c0,0x00000000d5700000)
  from space 512K, 96% used [0x00000000d5800000,0x00000000d587c010,0x00000000d5880000)
  to   space 1024K, 0% used [0x00000000d5700000,0x00000000d5700000,0x00000000d5800000)
 ParOldGen       total 203264K, used 202835K [0x0000000080000000, 0x000000008c680000, 0x00000000d5580000)
  object space 203264K, 99% used [0x0000000080000000,0x000000008c614d50,0x000000008c680000)
 Metaspace       used 76342K, committed 78016K, reserved 1179648K
  class space    used 7852K, committed 8640K, reserved 1048576K
}
Event: 130.028 GC heap after
{Heap after GC invocations=356 (full 3):
 PSYoungGen      total 2560K, used 224K [0x00000000d5580000, 0x00000000d5880000, 0x0000000100000000)
  eden space 1536K, 0% used [0x00000000d5580000,0x00000000d5580000,0x00000000d5700000)
  from space 1024K, 21% used [0x00000000d5700000,0x00000000d5738000,0x00000000d5800000)
  to   space 512K, 0% used [0x00000000d5800000,0x00000000d5800000,0x00000000d5880000)
 ParOldGen       total 203264K, used 203169K [0x0000000080000000, 0x000000008c680000, 0x00000000d5580000)
  object space 203264K, 99% used [0x0000000080000000,0x000000008c6687b0,0x000000008c680000)
 Metaspace       used 76342K, committed 78016K, reserved 1179648K
  class space    used 7852K, committed 8640K, reserved 1048576K
}
Event: 130.028 GC heap before
{Heap before GC invocations=357 (full 4):
 PSYoungGen      total 2560K, used 224K [0x00000000d5580000, 0x00000000d5880000, 0x0000000100000000)
  eden space 1536K, 0% used [0x00000000d5580000,0x00000000d5580000,0x00000000d5700000)
  from space 1024K, 21% used [0x00000000d5700000,0x00000000d5738000,0x00000000d5800000)
  to   space 512K, 0% used [0x00000000d5800000,0x00000000d5800000,0x00000000d5880000)
 ParOldGen       total 203264K, used 203169K [0x0000000080000000, 0x000000008c680000, 0x00000000d5580000)
  object space 203264K, 99% used [0x0000000080000000,0x000000008c6687b0,0x000000008c680000)
 Metaspace       used 76342K, committed 78016K, reserved 1179648K
  class space    used 7852K, committed 8640K, reserved 1048576K
}
Event: 130.190 GC heap after
{Heap after GC invocations=357 (full 4):
 PSYoungGen      total 2560K, used 0K [0x00000000d5580000, 0x00000000d5880000, 0x0000000100000000)
  eden space 1536K, 0% used [0x00000000d5580000,0x00000000d5580000,0x00000000d5700000)
  from space 1024K, 0% used [0x00000000d5700000,0x00000000d5700000,0x00000000d5800000)
  to   space 512K, 0% used [0x00000000d5800000,0x00000000d5800000,0x00000000d5880000)
 ParOldGen       total 203264K, used 60430K [0x0000000080000000, 0x000000008c680000, 0x00000000d5580000)
  object space 203264K, 29% used [0x0000000080000000,0x0000000083b03890,0x000000008c680000)
 Metaspace       used 76342K, committed 78016K, reserved 1179648K
  class space    used 7852K, committed 8640K, reserved 1048576K
}
Event: 130.344 GC heap before
{Heap before GC invocations=358 (full 4):
 PSYoungGen      total 2560K, used 1536K [0x00000000d5580000, 0x00000000d5880000, 0x0000000100000000)
  eden space 1536K, 100% used [0x00000000d5580000,0x00000000d5700000,0x00000000d5700000)
  from space 1024K, 0% used [0x00000000d5700000,0x00000000d5700000,0x00000000d5800000)
  to   space 512K, 0% used [0x00000000d5800000,0x00000000d5800000,0x00000000d5880000)
 ParOldGen       total 203264K, used 60430K [0x0000000080000000, 0x000000008c680000, 0x00000000d5580000)
  object space 203264K, 29% used [0x0000000080000000,0x0000000083b03890,0x000000008c680000)
 Metaspace       used 76372K, committed 78016K, reserved 1179648K
  class space    used 7857K, committed 8640K, reserved 1048576K
}
Event: 130.345 GC heap after
{Heap after GC invocations=358 (full 4):
 PSYoungGen      total 2048K, used 256K [0x00000000d5580000, 0x00000000d5880000, 0x0000000100000000)
  eden space 1536K, 0% used [0x00000000d5580000,0x00000000d5580000,0x00000000d5700000)
  from space 512K, 50% used [0x00000000d5800000,0x00000000d5840000,0x00000000d5880000)
  to   space 512K, 0% used [0x00000000d5780000,0x00000000d5780000,0x00000000d5800000)
 ParOldGen       total 203264K, used 60430K [0x0000000080000000, 0x000000008c680000, 0x00000000d5580000)
  object space 203264K, 29% used [0x0000000080000000,0x0000000083b03890,0x000000008c680000)
 Metaspace       used 76372K, committed 78016K, reserved 1179648K
  class space    used 7857K, committed 8640K, reserved 1048576K
}
Event: 130.358 GC heap before
{Heap before GC invocations=359 (full 4):
 PSYoungGen      total 2048K, used 1792K [0x00000000d5580000, 0x00000000d5880000, 0x0000000100000000)
  eden space 1536K, 100% used [0x00000000d5580000,0x00000000d5700000,0x00000000d5700000)
  from space 512K, 50% used [0x00000000d5800000,0x00000000d5840000,0x00000000d5880000)
  to   space 512K, 0% used [0x00000000d5780000,0x00000000d5780000,0x00000000d5800000)
 ParOldGen       total 203264K, used 60430K [0x0000000080000000, 0x000000008c680000, 0x00000000d5580000)
  object space 203264K, 29% used [0x0000000080000000,0x0000000083b03890,0x000000008c680000)
 Metaspace       used 76375K, committed 78016K, reserved 1179648K
  class space    used 7857K, committed 8640K, reserved 1048576K
}
Event: 130.360 GC heap after
{Heap after GC invocations=359 (full 4):
 PSYoungGen      total 2048K, used 304K [0x00000000d5580000, 0x00000000d5880000, 0x0000000100000000)
  eden space 1536K, 0% used [0x00000000d5580000,0x00000000d5580000,0x00000000d5700000)
  from space 512K, 59% used [0x00000000d5780000,0x00000000d57cc010,0x00000000d5800000)
  to   space 512K, 0% used [0x00000000d5800000,0x00000000d5800000,0x00000000d5880000)
 ParOldGen       total 203264K, used 60662K [0x0000000080000000, 0x000000008c680000, 0x00000000d5580000)
  object space 203264K, 29% used [0x0000000080000000,0x0000000083b3d890,0x000000008c680000)
 Metaspace       used 76375K, committed 78016K, reserved 1179648K
  class space    used 7857K, committed 8640K, reserved 1048576K
}

