# JRE version: OpenJDK Runtime Environment Temurin-21.0.8+9 (21.0.8+9) (build 21.0.8+9-LTS)
# Java VM: OpenJDK 64-Bit Server VM Temurin-21.0.8+9 (21.0.8+9-LTS, mixed mode, sharing, tiered, compressed oops, compressed class ptrs, parallel gc, windows-amd64)
GC Precious Log:
 CardTable entry size: 512
 CPUs: 4 total, 4 available
 Memory: 16198M
 Large Page Support: Disabled
 NUMA Support: Disabled
 Compressed Oops: Enabled (32-bit)
 Alignments: Space 512K, Generation 512K, Heap 2M
 Heap Min Capacity: 100M
 Heap Initial Capacity: 100M
 Heap Max Capacity: 2G
 Pre-touch: Disabled
 Parallel Workers: 4
Heap:
 PSYoungGen      total 23040K, used 20044K [0x00000000d5580000, 0x00000000d6f00000, 0x0000000100000000)
  eden space 20480K, 89% used [0x00000000d5580000,0x00000000d6779cc8,0x00000000d6980000)
  from space 2560K, 63% used [0x00000000d6a00000,0x00000000d6b996b0,0x00000000d6c80000)
  to   space 2048K, 0% used [0x00000000d6d00000,0x00000000d6d00000,0x00000000d6f00000)
 ParOldGen       total 96256K, used 54434K [0x0000000080000000, 0x0000000085e00000, 0x00000000d5580000)
  object space 96256K, 56% used [0x0000000080000000,0x0000000083528b58,0x0000000085e00000)
 Metaspace       used 71749K, committed 73280K, reserved 1114112K
  class space    used 7513K, committed 8192K, reserved 1048576K
GC Heap History (20 events):
Event: 13.756 GC heap before
{Heap before GC invocations=33 (full 3):
 PSYoungGen      total 22528K, used 21627K [0x00000000d5580000, 0x00000000d6d80000, 0x0000000100000000)
  eden space 20992K, 100% used [0x00000000d5580000,0x00000000d6a00000,0x00000000d6a00000)
  from space 1536K, 41% used [0x00000000d6b00000,0x00000000d6b9eec0,0x00000000d6c80000)
  to   space 1024K, 0% used [0x00000000d6c80000,0x00000000d6c80000,0x00000000d6d80000)
 ParOldGen       total 96256K, used 38818K [0x0000000080000000, 0x0000000085e00000, 0x00000000d5580000)
  object space 96256K, 40% used [0x0000000080000000,0x00000000825e8b88,0x0000000085e00000)
 Metaspace       used 62843K, committed 64320K, reserved 1114112K
  class space    used 6776K, committed 7424K, reserved 1048576K
}
Event: 13.760 GC heap after
{Heap after GC invocations=33 (full 3):
 PSYoungGen      total 21504K, used 993K [0x00000000d5580000, 0x00000000d7000000, 0x0000000100000000)
  eden space 20480K, 0% used [0x00000000d5580000,0x00000000d5580000,0x00000000d6980000)
  from space 1024K, 96% used [0x00000000d6c80000,0x00000000d6d784c0,0x00000000d6d80000)
  to   space 3072K, 0% used [0x00000000d6980000,0x00000000d6980000,0x00000000d6c80000)
 ParOldGen       total 96256K, used 40381K [0x0000000080000000, 0x0000000085e00000, 0x00000000d5580000)
  object space 96256K, 41% used [0x0000000080000000,0x000000008276f4f8,0x0000000085e00000)
 Metaspace       used 62843K, committed 64320K, reserved 1114112K
  class space    used 6776K, committed 7424K, reserved 1048576K
}
Event: 14.114 GC heap before
{Heap before GC invocations=34 (full 3):
 PSYoungGen      total 21504K, used 21473K [0x00000000d5580000, 0x00000000d7000000, 0x0000000100000000)
  eden space 20480K, 100% used [0x00000000d5580000,0x00000000d6980000,0x00000000d6980000)
  from space 1024K, 96% used [0x00000000d6c80000,0x00000000d6d784c0,0x00000000d6d80000)
  to   space 3072K, 0% used [0x00000000d6980000,0x00000000d6980000,0x00000000d6c80000)
 ParOldGen       total 96256K, used 40381K [0x0000000080000000, 0x0000000085e00000, 0x00000000d5580000)
  object space 96256K, 41% used [0x0000000080000000,0x000000008276f4f8,0x0000000085e00000)
 Metaspace       used 63880K, committed 65408K, reserved 1114112K
  class space    used 6843K, committed 7488K, reserved 1048576K
}
Event: 14.121 GC heap after
{Heap after GC invocations=34 (full 3):
 PSYoungGen      total 23552K, used 3047K [0x00000000d5580000, 0x00000000d7780000, 0x0000000100000000)
  eden space 20480K, 0% used [0x00000000d5580000,0x00000000d5580000,0x00000000d6980000)
  from space 3072K, 99% used [0x00000000d6980000,0x00000000d6c79e48,0x00000000d6c80000)
  to   space 7168K, 0% used [0x00000000d7080000,0x00000000d7080000,0x00000000d7780000)
 ParOldGen       total 96256K, used 43607K [0x0000000080000000, 0x0000000085e00000, 0x00000000d5580000)
  object space 96256K, 45% used [0x0000000080000000,0x0000000082a95f28,0x0000000085e00000)
 Metaspace       used 63880K, committed 65408K, reserved 1114112K
  class space    used 6843K, committed 7488K, reserved 1048576K
}
Event: 163.245 GC heap before
{Heap before GC invocations=35 (full 3):
 PSYoungGen      total 23552K, used 23527K [0x00000000d5580000, 0x00000000d7780000, 0x0000000100000000)
  eden space 20480K, 100% used [0x00000000d5580000,0x00000000d6980000,0x00000000d6980000)
  from space 3072K, 99% used [0x00000000d6980000,0x00000000d6c79e48,0x00000000d6c80000)
  to   space 7168K, 0% used [0x00000000d7080000,0x00000000d7080000,0x00000000d7780000)
 ParOldGen       total 96256K, used 43607K [0x0000000080000000, 0x0000000085e00000, 0x00000000d5580000)
  object space 96256K, 45% used [0x0000000080000000,0x0000000082a95f28,0x0000000085e00000)
 Metaspace       used 65119K, committed 66624K, reserved 1114112K
  class space    used 6941K, committed 7616K, reserved 1048576K
}
Event: 163.249 GC heap after
{Heap after GC invocations=35 (full 3):
 PSYoungGen      total 22016K, used 1248K [0x00000000d5580000, 0x00000000d7200000, 0x0000000100000000)
  eden space 20480K, 0% used [0x00000000d5580000,0x00000000d5580000,0x00000000d6980000)
  from space 1536K, 81% used [0x00000000d7080000,0x00000000d71b8238,0x00000000d7200000)
  to   space 3584K, 0% used [0x00000000d6b00000,0x00000000d6b00000,0x00000000d6e80000)
 ParOldGen       total 96256K, used 46656K [0x0000000080000000, 0x0000000085e00000, 0x00000000d5580000)
  object space 96256K, 48% used [0x0000000080000000,0x0000000082d900e8,0x0000000085e00000)
 Metaspace       used 65119K, committed 66624K, reserved 1114112K
  class space    used 6941K, committed 7616K, reserved 1048576K
}
Event: 201.459 GC heap before
{Heap before GC invocations=36 (full 3):
 PSYoungGen      total 22016K, used 21709K [0x00000000d5580000, 0x00000000d7200000, 0x0000000100000000)
  eden space 20480K, 99% used [0x00000000d5580000,0x00000000d697b208,0x00000000d6980000)
  from space 1536K, 81% used [0x00000000d7080000,0x00000000d71b8238,0x00000000d7200000)
  to   space 3584K, 0% used [0x00000000d6b00000,0x00000000d6b00000,0x00000000d6e80000)
 ParOldGen       total 96256K, used 46656K [0x0000000080000000, 0x0000000085e00000, 0x00000000d5580000)
  object space 96256K, 48% used [0x0000000080000000,0x0000000082d900e8,0x0000000085e00000)
 Metaspace       used 66185K, committed 67648K, reserved 1114112K
  class space    used 6998K, committed 7616K, reserved 1048576K
}
Event: 201.462 GC heap after
{Heap after GC invocations=36 (full 3):
 PSYoungGen      total 24064K, used 1515K [0x00000000d5580000, 0x00000000d7100000, 0x0000000100000000)
  eden space 20480K, 0% used [0x00000000d5580000,0x00000000d5580000,0x00000000d6980000)
  from space 3584K, 42% used [0x00000000d6b00000,0x00000000d6c7ace8,0x00000000d6e80000)
  to   space 2048K, 0% used [0x00000000d6f00000,0x00000000d6f00000,0x00000000d7100000)
 ParOldGen       total 96256K, used 47848K [0x0000000080000000, 0x0000000085e00000, 0x00000000d5580000)
  object space 96256K, 49% used [0x0000000080000000,0x0000000082eba340,0x0000000085e00000)
 Metaspace       used 66185K, committed 67648K, reserved 1114112K
  class space    used 6998K, committed 7616K, reserved 1048576K
}
Event: 213.926 GC heap before
{Heap before GC invocations=37 (full 3):
 PSYoungGen      total 24064K, used 21995K [0x00000000d5580000, 0x00000000d7100000, 0x0000000100000000)
  eden space 20480K, 100% used [0x00000000d5580000,0x00000000d6980000,0x00000000d6980000)
  from space 3584K, 42% used [0x00000000d6b00000,0x00000000d6c7ace8,0x00000000d6e80000)
  to   space 2048K, 0% used [0x00000000d6f00000,0x00000000d6f00000,0x00000000d7100000)
 ParOldGen       total 96256K, used 47848K [0x0000000080000000, 0x0000000085e00000, 0x00000000d5580000)
  object space 96256K, 49% used [0x0000000080000000,0x0000000082eba340,0x0000000085e00000)
 Metaspace       used 66855K, committed 68416K, reserved 1114112K
  class space    used 7057K, committed 7744K, reserved 1048576K
}
Event: 213.930 GC heap after
{Heap after GC invocations=37 (full 3):
 PSYoungGen      total 22528K, used 1685K [0x00000000d5580000, 0x00000000d7100000, 0x0000000100000000)
  eden space 20480K, 0% used [0x00000000d5580000,0x00000000d5580000,0x00000000d6980000)
  from space 2048K, 82% used [0x00000000d6f00000,0x00000000d70a5498,0x00000000d7100000)
  to   space 2048K, 0% used [0x00000000d6d00000,0x00000000d6d00000,0x00000000d6f00000)
 ParOldGen       total 96256K, used 49212K [0x0000000080000000, 0x0000000085e00000, 0x00000000d5580000)
  object space 96256K, 51% used [0x0000000080000000,0x000000008300f2d8,0x0000000085e00000)
 Metaspace       used 66855K, committed 68416K, reserved 1114112K
  class space    used 7057K, committed 7744K, reserved 1048576K
}
Event: 240.259 GC heap before
{Heap before GC invocations=38 (full 3):
 PSYoungGen      total 22528K, used 22165K [0x00000000d5580000, 0x00000000d7100000, 0x0000000100000000)
  eden space 20480K, 99% used [0x00000000d5580000,0x00000000d697fff8,0x00000000d6980000)
  from space 2048K, 82% used [0x00000000d6f00000,0x00000000d70a5498,0x00000000d7100000)
  to   space 2048K, 0% used [0x00000000d6d00000,0x00000000d6d00000,0x00000000d6f00000)
 ParOldGen       total 96256K, used 49212K [0x0000000080000000, 0x0000000085e00000, 0x00000000d5580000)
  object space 96256K, 51% used [0x0000000080000000,0x000000008300f2d8,0x0000000085e00000)
 Metaspace       used 67305K, committed 68864K, reserved 1114112K
  class space    used 7065K, committed 7744K, reserved 1048576K
}
Event: 240.262 GC heap after
{Heap after GC invocations=38 (full 3):
 PSYoungGen      total 22016K, used 1072K [0x00000000d5580000, 0x00000000d6f80000, 0x0000000100000000)
  eden space 20480K, 0% used [0x00000000d5580000,0x00000000d5580000,0x00000000d6980000)
  from space 1536K, 69% used [0x00000000d6d00000,0x00000000d6e0c010,0x00000000d6e80000)
  to   space 1024K, 0% used [0x00000000d6e80000,0x00000000d6e80000,0x00000000d6f80000)
 ParOldGen       total 96256K, used 50686K [0x0000000080000000, 0x0000000085e00000, 0x00000000d5580000)
  object space 96256K, 52% used [0x0000000080000000,0x000000008317f890,0x0000000085e00000)
 Metaspace       used 67305K, committed 68864K, reserved 1114112K
  class space    used 7065K, committed 7744K, reserved 1048576K
}
Event: 241.291 GC heap before
{Heap before GC invocations=39 (full 3):
 PSYoungGen      total 22016K, used 21552K [0x00000000d5580000, 0x00000000d6f80000, 0x0000000100000000)
  eden space 20480K, 100% used [0x00000000d5580000,0x00000000d6980000,0x00000000d6980000)
  from space 1536K, 69% used [0x00000000d6d00000,0x00000000d6e0c010,0x00000000d6e80000)
  to   space 1024K, 0% used [0x00000000d6e80000,0x00000000d6e80000,0x00000000d6f80000)
 ParOldGen       total 96256K, used 50686K [0x0000000080000000, 0x0000000085e00000, 0x00000000d5580000)
  object space 96256K, 52% used [0x0000000080000000,0x000000008317f890,0x0000000085e00000)
 Metaspace       used 69222K, committed 70848K, reserved 1114112K
  class space    used 7271K, committed 7936K, reserved 1048576K
}
Event: 241.292 GC heap after
{Heap after GC invocations=39 (full 3):
 PSYoungGen      total 21504K, used 607K [0x00000000d5580000, 0x00000000d6f80000, 0x0000000100000000)
  eden space 20480K, 0% used [0x00000000d5580000,0x00000000d5580000,0x00000000d6980000)
  from space 1024K, 59% used [0x00000000d6e80000,0x00000000d6f17c48,0x00000000d6f80000)
  to   space 1024K, 0% used [0x00000000d6d80000,0x00000000d6d80000,0x00000000d6e80000)
 ParOldGen       total 96256K, used 51728K [0x0000000080000000, 0x0000000085e00000, 0x00000000d5580000)
  object space 96256K, 53% used [0x0000000080000000,0x0000000083284020,0x0000000085e00000)
 Metaspace       used 69222K, committed 70848K, reserved 1114112K
  class space    used 7271K, committed 7936K, reserved 1048576K
}
Event: 261.369 GC heap before
{Heap before GC invocations=40 (full 3):
 PSYoungGen      total 21504K, used 21087K [0x00000000d5580000, 0x00000000d6f80000, 0x0000000100000000)
  eden space 20480K, 100% used [0x00000000d5580000,0x00000000d6980000,0x00000000d6980000)
  from space 1024K, 59% used [0x00000000d6e80000,0x00000000d6f17c48,0x00000000d6f80000)
  to   space 1024K, 0% used [0x00000000d6d80000,0x00000000d6d80000,0x00000000d6e80000)
 ParOldGen       total 96256K, used 51728K [0x0000000080000000, 0x0000000085e00000, 0x00000000d5580000)
  object space 96256K, 53% used [0x0000000080000000,0x0000000083284020,0x0000000085e00000)
 Metaspace       used 69573K, committed 71104K, reserved 1114112K
  class space    used 7277K, committed 7936K, reserved 1048576K
}
Event: 261.371 GC heap after
{Heap after GC invocations=40 (full 3):
 PSYoungGen      total 21504K, used 1008K [0x00000000d5580000, 0x00000000d6f00000, 0x0000000100000000)
  eden space 20480K, 0% used [0x00000000d5580000,0x00000000d5580000,0x00000000d6980000)
  from space 1024K, 98% used [0x00000000d6d80000,0x00000000d6e7c010,0x00000000d6e80000)
  to   space 512K, 0% used [0x00000000d6e80000,0x00000000d6e80000,0x00000000d6f00000)
 ParOldGen       total 96256K, used 52349K [0x0000000080000000, 0x0000000085e00000, 0x00000000d5580000)
  object space 96256K, 54% used [0x0000000080000000,0x000000008331f628,0x0000000085e00000)
 Metaspace       used 69573K, committed 71104K, reserved 1114112K
  class space    used 7277K, committed 7936K, reserved 1048576K
}
Event: 293.211 GC heap before
{Heap before GC invocations=41 (full 3):
 PSYoungGen      total 21504K, used 21488K [0x00000000d5580000, 0x00000000d6f00000, 0x0000000100000000)
  eden space 20480K, 100% used [0x00000000d5580000,0x00000000d6980000,0x00000000d6980000)
  from space 1024K, 98% used [0x00000000d6d80000,0x00000000d6e7c010,0x00000000d6e80000)
  to   space 512K, 0% used [0x00000000d6e80000,0x00000000d6e80000,0x00000000d6f00000)
 ParOldGen       total 96256K, used 52349K [0x0000000080000000, 0x0000000085e00000, 0x00000000d5580000)
  object space 96256K, 54% used [0x0000000080000000,0x000000008331f628,0x0000000085e00000)
 Metaspace       used 69843K, committed 71360K, reserved 1114112K
  class space    used 7279K, committed 7936K, reserved 1048576K
}
Event: 293.213 GC heap after
{Heap after GC invocations=41 (full 3):
 PSYoungGen      total 20992K, used 512K [0x00000000d5580000, 0x00000000d6f00000, 0x0000000100000000)
  eden space 20480K, 0% used [0x00000000d5580000,0x00000000d5580000,0x00000000d6980000)
  from space 512K, 100% used [0x00000000d6e80000,0x00000000d6f00000,0x00000000d6f00000)
  to   space 2560K, 0% used [0x00000000d6a00000,0x00000000d6a00000,0x00000000d6c80000)
 ParOldGen       total 96256K, used 53952K [0x0000000080000000, 0x0000000085e00000, 0x00000000d5580000)
  object space 96256K, 56% used [0x0000000080000000,0x00000000834b0258,0x0000000085e00000)
 Metaspace       used 69843K, committed 71360K, reserved 1114112K
  class space    used 7279K, committed 7936K, reserved 1048576K
}
Event: 296.951 GC heap before
{Heap before GC invocations=42 (full 3):
 PSYoungGen      total 20992K, used 20992K [0x00000000d5580000, 0x00000000d6f00000, 0x0000000100000000)
  eden space 20480K, 100% used [0x00000000d5580000,0x00000000d6980000,0x00000000d6980000)
  from space 512K, 100% used [0x00000000d6e80000,0x00000000d6f00000,0x00000000d6f00000)
  to   space 2560K, 0% used [0x00000000d6a00000,0x00000000d6a00000,0x00000000d6c80000)
 ParOldGen       total 96256K, used 53952K [0x0000000080000000, 0x0000000085e00000, 0x00000000d5580000)
  object space 96256K, 56% used [0x0000000080000000,0x00000000834b0258,0x0000000085e00000)
 Metaspace       used 70276K, committed 71808K, reserved 1114112K
  class space    used 7314K, committed 8000K, reserved 1048576K
}
Event: 296.953 GC heap after
{Heap after GC invocations=42 (full 3):
 PSYoungGen      total 23040K, used 1637K [0x00000000d5580000, 0x00000000d6f00000, 0x0000000100000000)
  eden space 20480K, 0% used [0x00000000d5580000,0x00000000d5580000,0x00000000d6980000)
  from space 2560K, 63% used [0x00000000d6a00000,0x00000000d6b996b0,0x00000000d6c80000)
  to   space 2048K, 0% used [0x00000000d6d00000,0x00000000d6d00000,0x00000000d6f00000)
 ParOldGen       total 96256K, used 54434K [0x0000000080000000, 0x0000000085e00000, 0x00000000d5580000)
  object space 96256K, 56% used [0x0000000080000000,0x0000000083528b58,0x0000000085e00000)
 Metaspace       used 70276K, committed 71808K, reserved 1114112K
  class space    used 7314K, committed 8000K, reserved 1048576K
}

